\BOOKMARK [0][-]{chapter.1}{\376\377\000I\000n\000t\000r\000o\000d\000u\000c\000t\000i\000o\000n}{}% 1
\BOOKMARK [1][-]{section.1.1}{\376\377\000I\000n\000t\000r\000o\000d\000u\000c\000t\000i\000o\000n\000\040\000t\000o\000\040\000t\000h\000e\000\040\000P\000r\000o\000b\000l\000e\000m\000\040\000D\000o\000m\000a\000i\000n}{chapter.1}% 2
\BOOKMARK [1][-]{section.1.2}{\376\377\000S\000e\000t\000t\000l\000i\000n\000g\000\040\000o\000f\000\040\000t\000h\000e\000\040\000P\000r\000o\000b\000l\000e\000m\000\040\000i\000n\000\040\000t\000h\000e\000\040\000D\000o\000m\000a\000i\000n}{chapter.1}% 3
\BOOKMARK [1][-]{section.1.3}{\376\377\000O\000b\000j\000e\000c\000t\000i\000v\000e\000\040\000o\000f\000\040\000t\000h\000e\000\040\000T\000h\000e\000s\000i\000s}{chapter.1}% 4
\BOOKMARK [1][-]{section.1.4}{\376\377\000S\000c\000o\000p\000e\000\040\000o\000f\000\040\000t\000h\000e\000\040\000T\000h\000e\000s\000i\000s}{chapter.1}% 5
\BOOKMARK [1][-]{section.1.5}{\376\377\000S\000h\000o\000r\000t\000\040\000D\000e\000s\000c\000r\000i\000p\000t\000i\000o\000n\000\040\000o\000f\000\040\000C\000h\000a\000p\000t\000e\000r\000s}{chapter.1}% 6
\BOOKMARK [0][-]{chapter.2}{\376\377\000P\000r\000o\000b\000l\000e\000m\000\040\000A\000n\000a\000l\000y\000s\000i\000s}{}% 7
\BOOKMARK [1][-]{section.2.1}{\376\377\000P\000r\000o\000b\000l\000e\000m\000\040\000A\000n\000a\000l\000y\000s\000i\000s}{chapter.2}% 8
\BOOKMARK [2][-]{subsection.2.1.1}{\376\377\000T\000h\000e\000\040\000V\000i\000s\000u\000a\000l\000\040\000P\000a\000r\000a\000d\000o\000x\000\040\000\050\000G\000h\000o\000s\000t\000\040\000B\000a\000l\000l\000\051}{section.2.1}% 9
\BOOKMARK [2][-]{subsection.2.1.2}{\376\377\000B\000i\000o\000m\000e\000c\000h\000a\000n\000i\000c\000a\000l\000\040\000I\000n\000c\000o\000n\000s\000i\000s\000t\000e\000n\000c\000y}{section.2.1}% 10
\BOOKMARK [1][-]{section.2.2}{\376\377\000S\000t\000a\000t\000e\000\040\000o\000f\000\040\000t\000h\000e\000\040\000A\000r\000t}{chapter.2}% 11
\BOOKMARK [1][-]{section.2.3}{\376\377\000E\000x\000i\000s\000t\000i\000n\000g\000\040\000S\000o\000l\000u\000t\000i\000o\000n\000s}{chapter.2}% 12
\BOOKMARK [1][-]{section.2.4}{\376\377\000M\000a\000t\000h\000e\000m\000a\000t\000i\000c\000a\000l\000\040\000M\000o\000d\000e\000l\000s}{chapter.2}% 13
\BOOKMARK [2][-]{subsection.2.4.1}{\376\377\000G\000h\000o\000s\000t\000\040\000B\000a\000l\000l\000\040\000V\000e\000c\000t\000o\000r\000\040\000M\000a\000t\000h}{section.2.4}% 14
\BOOKMARK [2][-]{subsection.2.4.2}{\376\377\000P\000h\000y\000s\000i\000c\000s\000\040\000o\000f\000\040\000t\000h\000e\000\040\000S\000t\000r\000o\000k\000e\000\040\000\050\000S\000e\000n\000s\000o\000r\000\040\000F\000u\000s\000i\000o\000n\000\051}{section.2.4}% 15
\BOOKMARK [1][-]{section.2.5}{\376\377\000A\000l\000g\000o\000r\000i\000t\000h\000m\000s}{chapter.2}% 16
\BOOKMARK [2][-]{subsection.2.5.1}{\376\377\000C\000o\000m\000p\000u\000t\000e\000r\000\040\000V\000i\000s\000i\000o\000n\000\040\000A\000l\000g\000o\000r\000i\000t\000h\000m\000s}{section.2.5}% 17
\BOOKMARK [2][-]{subsection.2.5.2}{\376\377\000P\000e\000a\000k\000\040\000D\000e\000t\000e\000c\000t\000i\000o\000n\000\040\000A\000l\000g\000o\000r\000i\000t\000h\000m}{section.2.5}% 18
\BOOKMARK [0][-]{chapter.3}{\376\377\000R\000e\000q\000u\000i\000r\000e\000m\000e\000n\000t\000s\000\040\000a\000n\000d\000\040\000T\000o\000o\000l\000s}{}% 19
\BOOKMARK [1][-]{section.3.1}{\376\377\000F\000u\000n\000c\000t\000i\000o\000n\000a\000l\000\040\000a\000n\000d\000\040\000N\000o\000n\000-\000f\000u\000n\000c\000t\000i\000o\000n\000a\000l\000\040\000R\000e\000q\000u\000i\000r\000e\000m\000e\000n\000t\000s}{chapter.3}% 20
\BOOKMARK [2][-]{subsection.3.1.1}{\376\377\000F\000u\000n\000c\000t\000i\000o\000n\000a\000l\000\040\000R\000e\000q\000u\000i\000r\000e\000m\000e\000n\000t\000s}{section.3.1}% 21
\BOOKMARK [2][-]{subsection.3.1.2}{\376\377\000N\000o\000n\000-\000f\000u\000n\000c\000t\000i\000o\000n\000a\000l\000\040\000R\000e\000q\000u\000i\000r\000e\000m\000e\000n\000t\000s}{section.3.1}% 22
\BOOKMARK [1][-]{section.3.2}{\376\377\000U\000s\000e\000\040\000C\000a\000s\000e\000s}{chapter.3}% 23
\BOOKMARK [1][-]{section.3.3}{\376\377\000D\000e\000s\000c\000r\000i\000p\000t\000i\000o\000n\000\040\000o\000f\000\040\000T\000o\000o\000l\000s}{chapter.3}% 24
\BOOKMARK [2][-]{subsection.3.3.1}{\376\377\000H\000a\000r\000d\000w\000a\000r\000e\000\040\000T\000o\000o\000l\000s}{section.3.3}% 25
\BOOKMARK [2][-]{subsection.3.3.2}{\376\377\000S\000o\000f\000t\000w\000a\000r\000e\000\040\000T\000o\000o\000l\000s}{section.3.3}% 26
\BOOKMARK [1][-]{section.3.4}{\376\377\000M\000e\000t\000h\000o\000d\000o\000l\000o\000g\000y\000\040\000o\000f\000\040\000D\000e\000s\000i\000g\000n\000\040\000a\000n\000d\000\040\000I\000m\000p\000l\000e\000m\000e\000n\000t\000a\000t\000i\000o\000n}{chapter.3}% 27
\BOOKMARK [2][-]{subsection.3.4.1}{\376\377\000P\000h\000a\000s\000e\000\040\0001\000:\000\040\000D\000a\000t\000a\000\040\000C\000o\000l\000l\000e\000c\000t\000i\000o\000n\000\040\000a\000n\000d\000\040\000M\000o\000d\000e\000l\000\040\000T\000r\000a\000i\000n\000i\000n\000g}{section.3.4}% 28
\BOOKMARK [2][-]{subsection.3.4.2}{\376\377\000P\000h\000a\000s\000e\000\040\0002\000:\000\040\000V\000i\000s\000i\000o\000n\000\040\000L\000o\000g\000i\000c\000\040\000I\000m\000p\000l\000e\000m\000e\000n\000t\000a\000t\000i\000o\000n}{section.3.4}% 29
\BOOKMARK [2][-]{subsection.3.4.3}{\376\377\000P\000h\000a\000s\000e\000\040\0003\000:\000\040\000S\000e\000n\000s\000o\000r\000\040\000M\000o\000d\000u\000l\000e\000\040\000D\000e\000v\000e\000l\000o\000p\000m\000e\000n\000t}{section.3.4}% 30
\BOOKMARK [0][-]{chapter.4}{\376\377\000E\000x\000t\000e\000r\000n\000a\000l\000\040\000S\000p\000e\000c\000i\000f\000i\000c\000a\000t\000i\000o\000n}{}% 31
\BOOKMARK [1][-]{section.4.1}{\376\377\000H\000a\000r\000d\000w\000a\000r\000e\000\040\000a\000n\000d\000\040\000S\000o\000f\000t\000w\000a\000r\000e\000\040\000R\000e\000q\000u\000i\000r\000e\000m\000e\000n\000t\000s}{chapter.4}% 32
\BOOKMARK [2][-]{subsection.4.1.1}{\376\377\000H\000a\000r\000d\000w\000a\000r\000e\000\040\000R\000e\000q\000u\000i\000r\000e\000m\000e\000n\000t\000s}{section.4.1}% 33
\BOOKMARK [2][-]{subsection.4.1.2}{\376\377\000S\000o\000f\000t\000w\000a\000r\000e\000\040\000R\000e\000q\000u\000i\000r\000e\000m\000e\000n\000t\000s}{section.4.1}% 34
\BOOKMARK [1][-]{section.4.2}{\376\377\000I\000n\000s\000t\000a\000l\000l\000a\000t\000i\000o\000n\000\040\000P\000r\000o\000c\000e\000d\000u\000r\000e}{chapter.4}% 35
\BOOKMARK [2][-]{subsection.4.2.1}{\376\377\000D\000e\000s\000k\000t\000o\000p\000\040\000I\000n\000s\000t\000a\000l\000l\000a\000t\000i\000o\000n}{section.4.2}% 36
\BOOKMARK [2][-]{subsection.4.2.2}{\376\377\000M\000o\000b\000i\000l\000e\000\040\000I\000n\000s\000t\000a\000l\000l\000a\000t\000i\000o\000n}{section.4.2}% 37
\BOOKMARK [1][-]{section.4.3}{\376\377\000A\000c\000t\000i\000v\000a\000t\000i\000o\000n\000\040\000P\000r\000o\000c\000e\000d\000u\000r\000e}{chapter.4}% 38
\BOOKMARK [1][-]{section.4.4}{\376\377\000T\000y\000p\000e\000s\000\040\000o\000f\000\040\000U\000s\000e\000r\000s}{chapter.4}% 39
\BOOKMARK [1][-]{section.4.5}{\376\377\000U\000s\000e\000r\000\040\000M\000a\000n\000u\000a\000l}{chapter.4}% 40
\BOOKMARK [2][-]{subsection.4.5.1}{\376\377\000M\000a\000i\000n\000\040\000I\000n\000t\000e\000r\000f\000a\000c\000e\000\040\000\050\000D\000e\000s\000k\000t\000o\000p\000\051}{section.4.5}% 41
\BOOKMARK [2][-]{subsection.4.5.2}{\376\377\000M\000o\000b\000i\000l\000e\000\040\000I\000n\000t\000e\000r\000f\000a\000c\000e}{section.4.5}% 42
\BOOKMARK [1][-]{section.4.6}{\376\377\000S\000y\000s\000t\000e\000m\000\040\000A\000d\000m\000i\000n\000i\000s\000t\000r\000a\000t\000i\000o\000n}{chapter.4}% 43
\BOOKMARK [1][-]{section.4.7}{\376\377\000S\000e\000c\000u\000r\000i\000t\000y\000\040\000I\000s\000s\000u\000e\000s}{chapter.4}% 44
\BOOKMARK [1][-]{section.4.8}{\376\377\000E\000x\000a\000m\000p\000l\000e\000\040\000o\000f\000\040\000U\000s\000a\000g\000e}{chapter.4}% 45
\BOOKMARK [1][-]{section.4.9}{\376\377\000W\000o\000r\000k\000i\000n\000g\000\040\000S\000c\000e\000n\000a\000r\000i\000o\000s}{chapter.4}% 46
\BOOKMARK [0][-]{chapter.5}{\376\377\000I\000n\000t\000e\000r\000n\000a\000l\000\040\000S\000p\000e\000c\000i\000f\000i\000c\000a\000t\000i\000o\000n}{}% 47
\BOOKMARK [1][-]{section.5.1}{\376\377\000S\000y\000s\000t\000e\000m\000\040\000C\000o\000n\000c\000e\000p\000t}{chapter.5}% 48
\BOOKMARK [1][-]{section.5.2}{\376\377\000S\000y\000s\000t\000e\000m\000\040\000A\000r\000c\000h\000i\000t\000e\000c\000t\000u\000r\000e}{chapter.5}% 49
\BOOKMARK [1][-]{section.5.3}{\376\377\000D\000e\000s\000c\000r\000i\000p\000t\000i\000o\000n\000\040\000o\000f\000\040\000D\000a\000t\000a\000\040\000S\000t\000r\000u\000c\000t\000u\000r\000e\000s}{chapter.5}% 50
\BOOKMARK [2][-]{subsection.5.3.1}{\376\377\000N\000e\000t\000w\000o\000r\000k\000\040\000P\000a\000y\000l\000o\000a\000d\000\040\000\050\000J\000S\000O\000N\000\051}{section.5.3}% 51
\BOOKMARK [2][-]{subsection.5.3.2}{\376\377\000P\000h\000y\000s\000i\000c\000s\000\040\000V\000e\000c\000t\000o\000r\000s\000\040\000\050\000P\000y\000t\000h\000o\000n\000\051}{section.5.3}% 52
\BOOKMARK [1][-]{section.5.4}{\376\377\000C\000o\000m\000p\000o\000n\000e\000n\000t\000s\000\040\000a\000n\000d\000\040\000M\000o\000d\000u\000l\000e\000s}{chapter.5}% 53
\BOOKMARK [2][-]{subsection.5.4.1}{\376\377\000M\000o\000b\000i\000l\000e\000\040\000M\000o\000d\000u\000l\000e\000\040\000\050\000A\000n\000d\000r\000o\000i\000d\000\051}{section.5.4}% 54
\BOOKMARK [2][-]{subsection.5.4.2}{\376\377\000V\000i\000s\000i\000o\000n\000\040\000M\000o\000d\000u\000l\000e\000\040\000\050\000C\000o\000m\000p\000u\000t\000e\000r\000\040\000V\000i\000s\000i\000o\000n\000\051}{section.5.4}% 55
\BOOKMARK [1][-]{section.5.5}{\376\377\000O\000v\000e\000r\000v\000i\000e\000w\000\040\000o\000f\000\040\000K\000e\000y\000\040\000A\000l\000g\000o\000r\000i\000t\000h\000m\000s}{chapter.5}% 56
\BOOKMARK [2][-]{subsection.5.5.1}{\376\377\000G\000h\000o\000s\000t\000\040\000B\000a\000l\000l\000\040\000A\000l\000g\000o\000r\000i\000t\000h\000m}{section.5.5}% 57
\BOOKMARK [2][-]{subsection.5.5.2}{\376\377\000I\000m\000p\000a\000c\000t\000\040\000F\000o\000r\000c\000e\000\040\000C\000a\000l\000c\000u\000l\000a\000t\000i\000o\000n\000\040\000\050\000P\000h\000y\000s\000i\000c\000s\000\051}{section.5.5}% 58
\BOOKMARK [1][-]{section.5.6}{\376\377\000I\000m\000p\000l\000e\000m\000e\000n\000t\000a\000t\000i\000o\000n\000\040\000D\000e\000t\000a\000i\000l\000s}{chapter.5}% 59
\BOOKMARK [2][-]{subsection.5.6.1}{\376\377\000T\000h\000r\000e\000a\000d\000\040\000S\000y\000n\000c\000h\000r\000o\000n\000i\000z\000a\000t\000i\000o\000n\000\040\000\050\000P\000y\000t\000h\000o\000n\000\051}{section.5.6}% 60
\BOOKMARK [2][-]{subsection.5.6.2}{\376\377\000N\000e\000t\000w\000o\000r\000k\000\040\000H\000a\000n\000d\000l\000i\000n\000g\000\040\000\050\000A\000n\000d\000r\000o\000i\000d\000\051}{section.5.6}% 61
\BOOKMARK [1][-]{section.5.7}{\376\377\000A\000p\000p\000l\000i\000e\000d\000\040\000D\000e\000s\000i\000g\000n\000\040\000P\000a\000t\000t\000e\000r\000n\000s}{chapter.5}% 62
\BOOKMARK [0][-]{chapter.6}{\376\377\000V\000e\000r\000i\000f\000i\000c\000a\000t\000i\000o\000n\000\040\000a\000n\000d\000\040\000V\000a\000l\000i\000d\000a\000t\000i\000o\000n}{}% 63
\BOOKMARK [1][-]{section.6.1}{\376\377\000T\000e\000s\000t\000i\000n\000g\000\040\000P\000a\000r\000a\000d\000i\000g\000m}{chapter.6}% 64
\BOOKMARK [1][-]{section.6.2}{\376\377\000T\000e\000s\000t\000i\000n\000g\000\040\000S\000c\000o\000p\000e\000\040\000a\000n\000d\000\040\000T\000e\000s\000t\000\040\000C\000a\000s\000e\000s}{chapter.6}% 65
\BOOKMARK [1][-]{section.6.3}{\376\377\000D\000e\000t\000e\000c\000t\000e\000d\000\040\000a\000n\000d\000\040\000F\000i\000x\000e\000d\000\040\000B\000u\000g\000s}{chapter.6}% 66
\BOOKMARK [2][-]{subsection.6.3.1}{\376\377\000A\000n\000d\000r\000o\000i\000d\000\040\000U\000I\000\040\000T\000h\000r\000e\000a\000d\000\040\000B\000l\000o\000c\000k\000i\000n\000g\000\040\000\050\000U\000I\000\040\000L\000a\000g\000\051}{section.6.3}% 67
\BOOKMARK [2][-]{subsection.6.3.2}{\376\377\000T\000C\000P\000\040\000S\000t\000r\000e\000a\000m\000\040\000F\000r\000a\000g\000m\000e\000n\000t\000a\000t\000i\000o\000n}{section.6.3}% 68
\BOOKMARK [2][-]{subsection.6.3.3}{\376\377\000G\000h\000o\000s\000t\000\040\000B\000a\000l\000l\000\040\000J\000i\000t\000t\000e\000r}{section.6.3}% 69
\BOOKMARK [1][-]{section.6.4}{\376\377\000C\000o\000m\000p\000u\000t\000e\000r\000\040\000V\000i\000s\000i\000o\000n\000\040\000M\000o\000d\000e\000l\000\040\000E\000v\000a\000l\000u\000a\000t\000i\000o\000n}{chapter.6}% 70
\BOOKMARK [2][-]{subsection.6.4.1}{\376\377\000B\000a\000l\000l\000\040\000D\000e\000t\000e\000c\000t\000i\000o\000n\000\040\000M\000o\000d\000e\000l\000\040\000R\000e\000s\000u\000l\000t\000s}{section.6.4}% 71
\BOOKMARK [2][-]{subsection.6.4.2}{\376\377\000C\000u\000e\000\040\000D\000e\000t\000e\000c\000t\000i\000o\000n\000\040\000M\000o\000d\000e\000l\000\040\000R\000e\000s\000u\000l\000t\000s}{section.6.4}% 72
\BOOKMARK [1][-]{section.6.5}{\376\377\000E\000x\000p\000e\000r\000i\000m\000e\000n\000t\000a\000l\000\040\000R\000e\000s\000u\000l\000t\000s}{chapter.6}% 73
\BOOKMARK [2][-]{subsection.6.5.1}{\376\377\000F\000o\000r\000c\000e\000\040\000E\000s\000t\000i\000m\000a\000t\000i\000o\000n\000\040\000C\000o\000n\000s\000i\000s\000t\000e\000n\000c\000y}{section.6.5}% 74
\BOOKMARK [2][-]{subsection.6.5.2}{\376\377\000S\000y\000s\000t\000e\000m\000\040\000L\000a\000t\000e\000n\000c\000y\000\040\000a\000n\000d\000\040\000P\000e\000r\000f\000o\000r\000m\000a\000n\000c\000e}{section.6.5}% 75
\BOOKMARK [0][-]{chapter.7}{\376\377\000C\000o\000n\000c\000l\000u\000s\000i\000o\000n\000s}{}% 76
\BOOKMARK [1][-]{section.7.1}{\376\377\000A\000c\000h\000i\000e\000v\000e\000m\000e\000n\000t\000\040\000o\000f\000\040\000O\000b\000j\000e\000c\000t\000i\000v\000e\000s}{chapter.7}% 77
\BOOKMARK [1][-]{section.7.2}{\376\377\000D\000i\000f\000f\000i\000c\000u\000l\000t\000i\000e\000s\000\040\000E\000x\000p\000e\000r\000i\000e\000n\000c\000e\000d}{chapter.7}% 78
\BOOKMARK [1][-]{section.7.3}{\376\377\000F\000u\000t\000u\000r\000e\000\040\000D\000e\000v\000e\000l\000o\000p\000m\000e\000n\000t}{chapter.7}% 79
\BOOKMARK [0][-]{section*.35}{\376\377\000B\000i\000b\000l\000i\000o\000g\000r\000a\000p\000h\000y}{}% 80
\BOOKMARK [0][-]{appendix*.37}{\376\377\000I\000n\000d\000e\000x\000\040\000o\000f\000\040\000a\000b\000b\000r\000e\000v\000i\000a\000t\000i\000o\000n\000s\000\040\000a\000n\000d\000\040\000s\000y\000m\000b\000o\000l\000s}{}% 81
\BOOKMARK [0][-]{appendix*.40}{\376\377\000L\000i\000s\000t\000i\000n\000g\000s}{}% 82
\BOOKMARK [1][-]{section.1..1}{\376\377\000C\000o\000n\000f\000i\000g\000u\000r\000a\000t\000i\000o\000n\000\040\000F\000i\000l\000e\000\040\000\050\000c\000o\000n\000f\000i\000g\000.\000j\000s\000o\000n\000\051}{appendix*.40}% 83
\BOOKMARK [1][-]{section.1..2}{\376\377\000V\000i\000s\000i\000o\000n\000\040\000M\000o\000d\000u\000l\000e\000\040\000\050\000b\000i\000l\000a\000r\000d\000.\000p\000y\000\051}{appendix*.40}% 84
\BOOKMARK [1][-]{section.1..3}{\376\377\000T\000e\000l\000e\000m\000e\000t\000r\000y\000\040\000M\000o\000d\000u\000l\000e\000\040\000\050\000s\000e\000n\000s\000o\000r\000s\000.\000p\000y\000\051}{appendix*.40}% 85
\BOOKMARK [0][-]{appendix*.41}{\376\377\000L\000i\000s\000t\000\040\000o\000f\000\040\000a\000d\000d\000i\000t\000i\000o\000n\000a\000l\000\040\000f\000i\000l\000e\000s\000\040\000i\000n\000\040\000e\000l\000e\000c\000t\000r\000o\000n\000i\000c\000\040\000s\000u\000b\000m\000i\000s\000s\000i\000o\000n}{}% 86
\BOOKMARK [0][-]{appendix*.42}{\376\377\000L\000i\000s\000t\000\040\000o\000f\000\040\000f\000i\000g\000u\000r\000e\000s}{}% 87
\BOOKMARK [0][-]{appendix*.43}{\376\377\000L\000i\000s\000t\000\040\000o\000f\000\040\000t\000a\000b\000l\000e\000s}{}% 88
